INFO:root:fetching http://api.weatherapi.com/v1/forecast.json?key=e38e088af196452e88f145935230903&q=lahore&hour=4&days=7&aqi=yes
DEBUG:urllib3.connectionpool:Starting new HTTP connection (1): api.weatherapi.com:80
DEBUG:urllib3.connectionpool:http://api.weatherapi.com:80 "GET /v1/forecast.json?key=e38e088af196452e88f145935230903&q=lahore&hour=4&days=7&aqi=yes HTTP/1.1" 200 None
INFO:root:Inserting forcasted data into DB
INFO:root:Forecasted data inserted!
INFO:root:Inserting forcasted data into DB
INFO:root:Forecasted data inserted!
INFO:root:Inserting forcasted data into DB
INFO:root:Forecasted data inserted!
INFO:root:fetching http://api.weatherapi.com/v1/current.json?key=e38e088af196452e88f145935230903&q=lahore&aqi=yes
DEBUG:urllib3.connectionpool:Starting new HTTP connection (1): api.weatherapi.com:80
DEBUG:urllib3.connectionpool:http://api.weatherapi.com:80 "GET /v1/current.json?key=e38e088af196452e88f145935230903&q=lahore&aqi=yes HTTP/1.1" 200 None
INFO:root:Inserting forcasted data into DB
INFO:root:Forecasted data inserted!
INFO:root:fetching http://api.weatherapi.com/v1/forecast.json?key=e38e088af196452e88f145935230903&q=karachi&hour=4&days=7&aqi=yes
DEBUG:urllib3.connectionpool:Starting new HTTP connection (1): api.weatherapi.com:80
DEBUG:urllib3.connectionpool:http://api.weatherapi.com:80 "GET /v1/forecast.json?key=e38e088af196452e88f145935230903&q=karachi&hour=4&days=7&aqi=yes HTTP/1.1" 200 None
INFO:root:Inserting forcasted data into DB
INFO:root:Forecasted data inserted!
INFO:root:Inserting forcasted data into DB
INFO:root:Forecasted data inserted!
INFO:root:Inserting forcasted data into DB
INFO:root:Forecasted data inserted!
INFO:root:fetching http://api.weatherapi.com/v1/current.json?key=e38e088af196452e88f145935230903&q=karachi&aqi=yes
DEBUG:urllib3.connectionpool:Starting new HTTP connection (1): api.weatherapi.com:80
DEBUG:urllib3.connectionpool:http://api.weatherapi.com:80 "GET /v1/current.json?key=e38e088af196452e88f145935230903&q=karachi&aqi=yes HTTP/1.1" 200 None
INFO:root:Inserting forcasted data into DB
INFO:root:Forecasted data inserted!
INFO:root:fetching http://api.weatherapi.com/v1/forecast.json?key=e38e088af196452e88f145935230903&q=islamabad&hour=4&days=7&aqi=yes
DEBUG:urllib3.connectionpool:Starting new HTTP connection (1): api.weatherapi.com:80
DEBUG:urllib3.connectionpool:http://api.weatherapi.com:80 "GET /v1/forecast.json?key=e38e088af196452e88f145935230903&q=islamabad&hour=4&days=7&aqi=yes HTTP/1.1" 200 None
INFO:root:Inserting forcasted data into DB
INFO:root:Forecasted data inserted!
INFO:root:Inserting forcasted data into DB
INFO:root:Forecasted data inserted!
INFO:root:Inserting forcasted data into DB
INFO:root:Forecasted data inserted!
INFO:root:fetching http://api.weatherapi.com/v1/current.json?key=e38e088af196452e88f145935230903&q=islamabad&aqi=yes
DEBUG:urllib3.connectionpool:Starting new HTTP connection (1): api.weatherapi.com:80
DEBUG:urllib3.connectionpool:http://api.weatherapi.com:80 "GET /v1/current.json?key=e38e088af196452e88f145935230903&q=islamabad&aqi=yes HTTP/1.1" 200 None
INFO:root:Inserting forcasted data into DB
INFO:root:Forecasted data inserted!
INFO:root:fetching http://api.weatherapi.com/v1/forecast.json?key=e38e088af196452e88f145935230903&q=islamabad&hour=4&days=6&aqi=yes
DEBUG:urllib3.connectionpool:Starting new HTTP connection (1): api.weatherapi.com:80
DEBUG:urllib3.connectionpool:http://api.weatherapi.com:80 "GET /v1/forecast.json?key=e38e088af196452e88f145935230903&q=islamabad&hour=4&days=6&aqi=yes HTTP/1.1" 200 None
INFO:root:Record already present. Nothing Changed
INFO:root:Record already present. Nothing Changed
INFO:root:Record already present. Nothing Changed
INFO:root:fetching http://api.weatherapi.com/v1/forecast.json?key=e38e088af196452e88f145935230903&q=islamabad&hour=4&days=6&aqi=yes
DEBUG:urllib3.connectionpool:Starting new HTTP connection (1): api.weatherapi.com:80
DEBUG:urllib3.connectionpool:http://api.weatherapi.com:80 "GET /v1/forecast.json?key=e38e088af196452e88f145935230903&q=islamabad&hour=4&days=6&aqi=yes HTTP/1.1" 200 None
INFO:root:Record already present. Nothing Changed
INFO:root:Record already present. Nothing Changed
INFO:root:Record already present. Nothing Changed
INFO:root:fetching http://api.weatherapi.com/v1/forecast.json?key=e38e088af196452e88f145935230903&q=islamabad&hour=4&days=6&aqi=yes
DEBUG:urllib3.connectionpool:Starting new HTTP connection (1): api.weatherapi.com:80
DEBUG:urllib3.connectionpool:http://api.weatherapi.com:80 "GET /v1/forecast.json?key=e38e088af196452e88f145935230903&q=islamabad&hour=4&days=6&aqi=yes HTTP/1.1" 200 None
INFO:root:Record already present. Nothing Changed
INFO:root:Record already present. Nothing Changed
INFO:root:Record already present. Nothing Changed
INFO:root:fetching http://api.weatherapi.com/v1/forecast.json?key=e38e088af196452e88f145935230903&q=islamabad&hour=4&days=6&aqi=yes
DEBUG:urllib3.connectionpool:Starting new HTTP connection (1): api.weatherapi.com:80
DEBUG:urllib3.connectionpool:http://api.weatherapi.com:80 "GET /v1/forecast.json?key=e38e088af196452e88f145935230903&q=islamabad&hour=4&days=6&aqi=yes HTTP/1.1" 200 None
INFO:root:Record already present. Nothing Changed
INFO:root:Record already present. Nothing Changed
INFO:root:Record already present. Nothing Changed
INFO:root:fetching http://api.weatherapi.com/v1/forecast.json?key=e38e088af196452e88f145935230903&q=karachi&hour=4&days=6&aqi=yes
DEBUG:urllib3.connectionpool:Starting new HTTP connection (1): api.weatherapi.com:80
DEBUG:urllib3.connectionpool:http://api.weatherapi.com:80 "GET /v1/forecast.json?key=e38e088af196452e88f145935230903&q=karachi&hour=4&days=6&aqi=yes HTTP/1.1" 200 None
INFO:root:Record already present. Nothing Changed
INFO:root:Record already present. Nothing Changed
INFO:root:Record already present. Nothing Changed
INFO:root:Querying the DB for second humid city
INFO:root:fetching http://api.weatherapi.com/v1/forecast.json?key=e38e088af196452e88f145935230903&q=islamabad&hour=4&days=7&aqi=yes
DEBUG:urllib3.connectionpool:Starting new HTTP connection (1): api.weatherapi.com:80
DEBUG:urllib3.connectionpool:http://api.weatherapi.com:80 "GET /v1/forecast.json?key=e38e088af196452e88f145935230903&q=islamabad&hour=4&days=7&aqi=yes HTTP/1.1" 200 None
INFO:root:Record already present. Nothing Changed
INFO:root:Record already present. Nothing Changed
INFO:root:Record already present. Nothing Changed
INFO:root:fetching http://api.weatherapi.com/v1/forecast.json?key=e38e088af196452e88f145935230903&q=islamabad&hour=4&days=7&aqi=yes
DEBUG:urllib3.connectionpool:Starting new HTTP connection (1): api.weatherapi.com:80
DEBUG:urllib3.connectionpool:http://api.weatherapi.com:80 "GET /v1/forecast.json?key=e38e088af196452e88f145935230903&q=islamabad&hour=4&days=7&aqi=yes HTTP/1.1" 200 None
INFO:root:Record already present. Nothing Changed
INFO:root:Record already present. Nothing Changed
INFO:root:Record already present. Nothing Changed
INFO:root:fetching http://api.weatherapi.com/v1/forecast.json?key=e38e088af196452e88f145935230903&q=karachi&hour=4&days=7&aqi=yes
DEBUG:urllib3.connectionpool:Starting new HTTP connection (1): api.weatherapi.com:80
DEBUG:urllib3.connectionpool:http://api.weatherapi.com:80 "GET /v1/forecast.json?key=e38e088af196452e88f145935230903&q=karachi&hour=4&days=7&aqi=yes HTTP/1.1" 200 None
INFO:root:Record already present. Nothing Changed
INFO:root:Record already present. Nothing Changed
INFO:root:Record already present. Nothing Changed
INFO:root:fetching http://api.weatherapi.com/v1/forecast.json?key=e38e088af196452e88f145935230903&q=islamabad&hour=4&days=7&aqi=yes
DEBUG:urllib3.connectionpool:Starting new HTTP connection (1): api.weatherapi.com:80
DEBUG:urllib3.connectionpool:http://api.weatherapi.com:80 "GET /v1/forecast.json?key=e38e088af196452e88f145935230903&q=islamabad&hour=4&days=7&aqi=yes HTTP/1.1" 200 None
INFO:root:Record already present. Nothing Changed
INFO:root:Record already present. Nothing Changed
INFO:root:Record already present. Nothing Changed
INFO:root:fetching http://api.weatherapi.com/v1/forecast.json?key=e38e088af196452e88f145935230903&q=islamabad&hour=4&days=7&aqi=yes
DEBUG:urllib3.connectionpool:Starting new HTTP connection (1): api.weatherapi.com:80
ERROR:root:Exception
Traceback (most recent call last):
  File "C:\Users\talhatahir\.virtualenvs\PythonTrainee-37HahwOj\Lib\site-packages\urllib3\connection.py", line 174, in _new_conn
    conn = connection.create_connection(
           ^^^^^^^^^^^^^^^^^^^^^^^^^^^^^
  File "C:\Users\talhatahir\.virtualenvs\PythonTrainee-37HahwOj\Lib\site-packages\urllib3\util\connection.py", line 95, in create_connection
    raise err
  File "C:\Users\talhatahir\.virtualenvs\PythonTrainee-37HahwOj\Lib\site-packages\urllib3\util\connection.py", line 85, in create_connection
    sock.connect(sa)
TimeoutError: [WinError 10060] A connection attempt failed because the connected party did not properly respond after a period of time, or established connection failed because connected host has failed to respond

During handling of the above exception, another exception occurred:

Traceback (most recent call last):
  File "C:\Users\talhatahir\.virtualenvs\PythonTrainee-37HahwOj\Lib\site-packages\urllib3\connectionpool.py", line 703, in urlopen
    httplib_response = self._make_request(
                       ^^^^^^^^^^^^^^^^^^^
  File "C:\Users\talhatahir\.virtualenvs\PythonTrainee-37HahwOj\Lib\site-packages\urllib3\connectionpool.py", line 398, in _make_request
    conn.request(method, url, **httplib_request_kw)
  File "C:\Users\talhatahir\.virtualenvs\PythonTrainee-37HahwOj\Lib\site-packages\urllib3\connection.py", line 244, in request
    super(HTTPConnection, self).request(method, url, body=body, headers=headers)
  File "C:\Users\talhatahir\AppData\Local\Programs\Python\Python311\Lib\http\client.py", line 1282, in request
    self._send_request(method, url, body, headers, encode_chunked)
  File "C:\Users\talhatahir\AppData\Local\Programs\Python\Python311\Lib\http\client.py", line 1328, in _send_request
    self.endheaders(body, encode_chunked=encode_chunked)
  File "C:\Users\talhatahir\AppData\Local\Programs\Python\Python311\Lib\http\client.py", line 1277, in endheaders
    self._send_output(message_body, encode_chunked=encode_chunked)
  File "C:\Users\talhatahir\AppData\Local\Programs\Python\Python311\Lib\http\client.py", line 1037, in _send_output
    self.send(msg)
  File "C:\Users\talhatahir\AppData\Local\Programs\Python\Python311\Lib\http\client.py", line 975, in send
    self.connect()
  File "C:\Users\talhatahir\.virtualenvs\PythonTrainee-37HahwOj\Lib\site-packages\urllib3\connection.py", line 205, in connect
    conn = self._new_conn()
           ^^^^^^^^^^^^^^^^
  File "C:\Users\talhatahir\.virtualenvs\PythonTrainee-37HahwOj\Lib\site-packages\urllib3\connection.py", line 179, in _new_conn
    raise ConnectTimeoutError(
urllib3.exceptions.ConnectTimeoutError: (<urllib3.connection.HTTPConnection object at 0x00000238273D92D0>, 'Connection to api.weatherapi.com timed out. (connect timeout=None)')

During handling of the above exception, another exception occurred:

Traceback (most recent call last):
  File "C:\Users\talhatahir\.virtualenvs\PythonTrainee-37HahwOj\Lib\site-packages\requests\adapters.py", line 489, in send
    resp = conn.urlopen(
           ^^^^^^^^^^^^^
  File "C:\Users\talhatahir\.virtualenvs\PythonTrainee-37HahwOj\Lib\site-packages\urllib3\connectionpool.py", line 787, in urlopen
    retries = retries.increment(
              ^^^^^^^^^^^^^^^^^^
  File "C:\Users\talhatahir\.virtualenvs\PythonTrainee-37HahwOj\Lib\site-packages\urllib3\util\retry.py", line 592, in increment
    raise MaxRetryError(_pool, url, error or ResponseError(cause))
urllib3.exceptions.MaxRetryError: HTTPConnectionPool(host='api.weatherapi.com', port=80): Max retries exceeded with url: /v1/forecast.json?key=e38e088af196452e88f145935230903&q=islamabad&hour=4&days=7&aqi=yes (Caused by ConnectTimeoutError(<urllib3.connection.HTTPConnection object at 0x00000238273D92D0>, 'Connection to api.weatherapi.com timed out. (connect timeout=None)'))

During handling of the above exception, another exception occurred:

Traceback (most recent call last):
  File "D:\PythonTrainee\question_6.py", line 21, in __fetch
    response = requests.get(url).json()
               ^^^^^^^^^^^^^^^^^
  File "C:\Users\talhatahir\.virtualenvs\PythonTrainee-37HahwOj\Lib\site-packages\requests\api.py", line 73, in get
    return request("get", url, params=params, **kwargs)
           ^^^^^^^^^^^^^^^^^^^^^^^^^^^^^^^^^^^^^^^^^^^^
  File "C:\Users\talhatahir\.virtualenvs\PythonTrainee-37HahwOj\Lib\site-packages\requests\api.py", line 59, in request
    return session.request(method=method, url=url, **kwargs)
           ^^^^^^^^^^^^^^^^^^^^^^^^^^^^^^^^^^^^^^^^^^^^^^^^^
  File "C:\Users\talhatahir\.virtualenvs\PythonTrainee-37HahwOj\Lib\site-packages\requests\sessions.py", line 587, in request
    resp = self.send(prep, **send_kwargs)
           ^^^^^^^^^^^^^^^^^^^^^^^^^^^^^^
  File "C:\Users\talhatahir\.virtualenvs\PythonTrainee-37HahwOj\Lib\site-packages\requests\sessions.py", line 701, in send
    r = adapter.send(request, **kwargs)
        ^^^^^^^^^^^^^^^^^^^^^^^^^^^^^^^
  File "C:\Users\talhatahir\.virtualenvs\PythonTrainee-37HahwOj\Lib\site-packages\requests\adapters.py", line 553, in send
    raise ConnectTimeout(e, request=request)
requests.exceptions.ConnectTimeout: HTTPConnectionPool(host='api.weatherapi.com', port=80): Max retries exceeded with url: /v1/forecast.json?key=e38e088af196452e88f145935230903&q=islamabad&hour=4&days=7&aqi=yes (Caused by ConnectTimeoutError(<urllib3.connection.HTTPConnection object at 0x00000238273D92D0>, 'Connection to api.weatherapi.com timed out. (connect timeout=None)'))
ERROR:root:Exception occured
Traceback (most recent call last):
  File "D:\PythonTrainee\main.py", line 13, in <module>
    get_highest_temp_values("islamabad")
  File "D:\PythonTrainee\services.py", line 99, in get_highest_temp_values
    dump_forecasted_data(city, 7)
  File "D:\PythonTrainee\services.py", line 21, in dump_forecasted_data
    for i in result.get("forecastday"):
TypeError: 'NoneType' object is not iterable
INFO:root:fetching http://api.weatherapi.com/v1/forecast.json?key=e38e088af196452e88f145935230903&q=islamabad&hour=4&days=7&aqi=yes
DEBUG:urllib3.connectionpool:Starting new HTTP connection (1): api.weatherapi.com:80
DEBUG:urllib3.connectionpool:http://api.weatherapi.com:80 "GET /v1/forecast.json?key=e38e088af196452e88f145935230903&q=islamabad&hour=4&days=7&aqi=yes HTTP/1.1" 200 None
INFO:root:Record already present. Nothing Changed
INFO:root:Record already present. Nothing Changed
INFO:root:Record already present. Nothing Changed
INFO:root:fetching http://api.weatherapi.com/v1/forecast.json?key=e38e088af196452e88f145935230903&q=islamabad&hour=4&days=7&aqi=yes
DEBUG:urllib3.connectionpool:Starting new HTTP connection (1): api.weatherapi.com:80
DEBUG:urllib3.connectionpool:http://api.weatherapi.com:80 "GET /v1/forecast.json?key=e38e088af196452e88f145935230903&q=islamabad&hour=4&days=7&aqi=yes HTTP/1.1" 200 None
INFO:root:Record already present. Nothing Changed
INFO:root:Record already present. Nothing Changed
INFO:root:Record already present. Nothing Changed
